,number,value,datetime_start,datetime_complete,duration,params_bagging_temperature,params_border_count,params_depth,params_l2_leaf_reg,params_learning_rate,params_scale_pos_weight,user_attrs_accuracy,user_attrs_f1,user_attrs_precision,user_attrs_recall,user_attrs_roc,state
76,76,0.7968164794007491,2024-08-03 15:01:23.713426,2024-08-03 15:01:32.048817,0 days 00:00:08.335391,0.06097488917293443,169,7,0.16412971208262447,0.00013027239450548385,0.37931499919934064,0.26540284360189575,0.41947565543071164,0.26540284360189575,1.0,0.8330429147465438,COMPLETE
77,77,0.800624399615754,2024-08-03 15:01:32.049185,2024-08-03 15:01:40.124083,0 days 00:00:08.074898,0.33807107484104765,150,7,2.5421987677398384e-08,0.00029009505938984935,0.004110123556438641,0.29739336492890994,0.430355427473583,0.2741738066095471,1.0,0.8293706797235023,COMPLETE
78,78,0.7983443708609271,2024-08-03 15:01:40.124441,2024-08-03 15:01:47.711348,0 days 00:00:07.586907,0.4346459921141653,151,7,2.1686745912369104e-08,0.00027889364210685944,0.004628725217004922,0.278436018957346,0.423841059602649,0.2689075630252101,1.0,0.8294642857142858,COMPLETE
79,79,0.0,2024-08-03 15:01:47.711686,2024-08-03 15:01:58.895303,0 days 00:00:11.183617,0.3428089365360376,122,8,3.0320093264668e-08,0.0008953003332585778,0.0036474341647794494,0.7345971563981043,0.0,0.0,0.0,0.8305803571428572,COMPLETE
80,80,0.8004798464491363,2024-08-03 15:01:58.895705,2024-08-03 15:02:06.463736,0 days 00:00:07.568031,0.47377367030687945,149,7,2.9282616195117244e-08,0.0003044071915640636,0.007954449875347309,0.2962085308056872,0.42994241842610365,0.27383863080684595,1.0,0.8300619239631336,COMPLETE
81,81,0.7968164794007491,2024-08-03 15:02:06.464104,2024-08-03 15:02:12.487021,0 days 00:00:06.022917,0.45488512132581826,147,7,3.8097806118262594e-08,0.00029934810374746543,0.008951517547729014,0.26540284360189575,0.41947565543071164,0.26540284360189575,1.0,0.8302563364055301,COMPLETE
82,82,0.0,2024-08-03 15:02:12.487345,2024-08-03 15:02:30.445700,0 days 00:00:17.958355,0.4840178812020279,132,8,1.3347486295082458e-07,0.0004598744320478379,0.0032322017478725535,0.7345971563981043,0.0,0.0,0.0,0.8284634216589862,COMPLETE
83,83,0.0,2024-08-03 15:02:30.446054,2024-08-03 15:02:38.232093,0 days 00:00:07.786039,0.4007207676073258,159,7,2.0380018473638302e-08,0.0006463215304142948,0.006776509067979844,0.7345971563981043,0.0,0.0,0.0,0.829658698156682,COMPLETE
84,84,0.7968164794007491,2024-08-03 15:02:38.232453,2024-08-03 15:02:46.156734,0 days 00:00:07.924281,0.554188882067303,150,7,1.3809258258060576e-07,0.00025259084736119057,0.005043328464236963,0.26540284360189575,0.41947565543071164,0.26540284360189575,1.0,0.8293922811059908,COMPLETE
85,85,0.7968164794007491,2024-08-03 15:02:46.157081,2024-08-03 15:02:48.830116,0 days 00:00:02.673035,0.3637742663911263,141,6,8.744524242777302e-08,0.0003872335803267521,0.0025807028881799144,0.26540284360189575,0.41947565543071164,0.26540284360189575,1.0,0.8350662442396314,COMPLETE
86,86,0.7968164794007491,2024-08-03 15:02:48.830488,2024-08-03 15:02:51.695637,0 days 00:00:02.865149,0.44369090345084544,124,6,7.867564824557323e-07,0.000530096962841418,0.008163895166376995,0.26540284360189575,0.41947565543071164,0.26540284360189575,1.0,0.8278945852534562,COMPLETE
87,87,0.7968164794007491,2024-08-03 15:02:51.695975,2024-08-03 15:02:58.911098,0 days 00:00:07.215123,0.42257134685802444,114,7,5.0398739228219415e-08,0.0003080728531533989,0.02118071111337671,0.26540284360189575,0.41947565543071164,0.26540284360189575,1.0,0.8259000576036866,COMPLETE
88,88,0.0,2024-08-03 15:02:58.911456,2024-08-03 15:03:29.042652,0 days 00:00:30.131196,0.4691205406392231,137,8,2.20484063859568e-08,0.001194622055820799,0.005532005712106598,0.7345971563981043,0.0,0.0,0.0,0.8286578341013826,COMPLETE
89,89,0.7968164794007491,2024-08-03 15:03:29.043008,2024-08-03 15:03:32.095006,0 days 00:00:03.051998,0.5078407554309365,162,6,3.268531547066268e-07,0.00017814629840186717,0.012273301646476581,0.26540284360189575,0.41947565543071164,0.26540284360189575,1.0,0.827584965437788,COMPLETE
90,90,0.7968164794007491,2024-08-03 15:03:32.095363,2024-08-03 15:03:39.759911,0 days 00:00:07.664548,0.5490410041211988,153,7,1.9938018797778524e-06,0.00024525274493146976,0.0014862858016394937,0.26540284360189575,0.41947565543071164,0.26540284360189575,1.0,0.8309115783410139,COMPLETE
91,91,0.7968164794007491,2024-08-03 15:03:39.760261,2024-08-03 15:03:48.707122,0 days 00:00:08.946861,0.33766380759112014,176,7,6.874691289710661e-08,0.0002231797497946896,0.0019448794634271099,0.26540284360189575,0.41947565543071164,0.26540284360189575,1.0,0.8307243663594469,COMPLETE
92,92,0.7968164794007491,2024-08-03 15:03:48.707505,2024-08-03 15:04:02.194601,0 days 00:00:13.487096,0.617278505431789,165,8,1.0134535399851324e-08,0.00015540642425264514,0.0026294996587664593,0.26540284360189575,0.41947565543071164,0.26540284360189575,1.0,0.8276353686635944,COMPLETE
93,93,0.7111066138753526,2024-08-03 15:04:02.194950,2024-08-03 15:04:10.851769,0 days 00:00:08.656819,0.31876566816975793,183,7,0.0103224632131813,0.00044146772809871654,0.008546361600140509,0.745260663507109,0.6140035906642729,0.5135135135135135,0.7633928571428571,0.8309619815668203,COMPLETE
94,94,0.7968164794007491,2024-08-03 15:04:10.852120,2024-08-03 15:04:14.276232,0 days 00:00:03.424112,0.4172485728873311,145,6,1.7427425961038958,0.00032981899085385275,0.004067321887784872,0.26540284360189575,0.41947565543071164,0.26540284360189575,1.0,0.8017857142857142,COMPLETE
95,95,0.767571524577573,2024-08-03 15:04:14.276630,2024-08-03 15:04:35.302284,0 days 00:00:21.025654,0.3977322312430614,154,7,1.623720265122951e-08,0.0002672277441186503,0.6029021620833636,0.6860189573459715,0.5929339477726575,0.4519906323185012,0.8616071428571429,0.8320564516129032,COMPLETE
96,96,0.7968164794007491,2024-08-03 15:04:35.302636,2024-08-03 15:04:44.992190,0 days 00:00:09.689554,0.48020237261742993,129,8,0.784135403391968,0.00011210089220696543,0.002899788571351916,0.26540284360189575,0.41947565543071164,0.26540284360189575,1.0,0.7727030529953918,COMPLETE
97,97,0.8111689814814815,2024-08-03 15:04:44.992562,2024-08-03 15:05:24.642010,0 days 00:00:39.649448,0.5919249806973647,203,9,1.2810237932326017e-05,0.00021358358220706844,0.005796778141353071,0.5225118483412322,0.5185185185185185,0.3539967373572594,0.96875,0.8292698732718894,COMPLETE
98,98,0.7968164794007491,2024-08-03 15:05:24.642349,2024-08-03 15:05:46.860280,0 days 00:00:22.217931,0.5726195689088366,216,9,0.00027366134127852456,0.00020293168062161083,0.0057221875050266725,0.26540284360189575,0.41947565543071164,0.26540284360189575,1.0,0.8294858870967743,COMPLETE
99,99,0.7968164794007491,2024-08-03 15:05:46.860681,2024-08-03 15:06:13.643535,0 days 00:00:26.782854,0.6348920220823527,140,10,2.4490097093246575e-07,0.00040696172074931934,0.012104659817412078,0.26540284360189575,0.41947565543071164,0.26540284360189575,1.0,0.8333093317972351,COMPLETE
