,number,value,datetime_start,datetime_complete,duration,params_bagging_fraction,params_bagging_freq,params_feature_fraction,params_lambda_l1,params_lambda_l2,params_learning_rate,params_max_depth,params_min_data_in_leaf,params_num_leaves,state
97,97,0.8413563677078548,2024-08-01 08:48:33.049282,2024-08-01 08:48:33.866929,0 days 00:00:00.817647,0.5688226362483668,6,0.8949675101541882,0.0030636378881200394,2.3758071088014345,0.026233969886943362,8,53,127,COMPLETE
98,98,0.8463661288470373,2024-08-01 08:48:33.867441,2024-08-01 08:48:34.214151,0 days 00:00:00.346710,0.44139426454780667,5,0.40091589125130844,0.005221650460624577,0.0002560023642289491,0.08221921350563888,3,58,150,COMPLETE
99,99,0.8462692351860358,2024-08-01 08:48:34.214658,2024-08-01 08:48:34.549109,0 days 00:00:00.334451,0.5181210300982239,7,0.9643684125732225,0.00020960184669681394,1.243672530073739,0.05901398052619957,3,48,139,COMPLETE
