,number,value,datetime_start,datetime_complete,duration,params_batch_size,params_dropout_layer1,params_dropout_layer2,params_learning_rate,params_units_layer1,params_units_layer2,user_attrs_accuracy,user_attrs_f1,user_attrs_precision,user_attrs_recall,user_attrs_roc,state
78,78,0.6261367917420132,2024-08-03 15:21:33.443150,2024-08-03 15:21:44.517004,0 days 00:00:11.073854,113,0.3450886903696454,0.35987535723493114,0.00043880731291166206,287,327,0.7772511848341233,0.6033755274261603,0.572,0.6383928571428571,0.84020017281106,COMPLETE
79,79,0.625249474789916,2024-08-03 15:21:44.517407,2024-08-03 15:21:55.664200,0 days 00:00:11.146793,98,0.4255469056772122,0.44869889938962715,0.0010493493208231328,350,126,0.7748815165876777,0.6008403361344538,0.5674603174603174,0.6383928571428571,0.8404737903225807,COMPLETE
80,80,0.6592993499701136,2024-08-03 15:21:55.664632,2024-08-03 15:22:06.197384,0 days 00:00:10.532752,108,0.40908177623239583,0.46535020550244627,0.0007737885475593798,251,53,0.7914691943127962,0.6317991631799164,0.594488188976378,0.6741071428571429,0.8405601958525345,COMPLETE
81,81,0.6561953883495146,2024-08-03 15:22:06.197778,2024-08-03 15:22:17.242260,0 days 00:00:11.044482,118,0.47225080601567404,0.23447621415175116,0.000707345406344437,317,42,0.754739336492891,0.5980582524271845,0.5292096219931272,0.6875,0.8350302419354838,COMPLETE
82,82,0.6234970238095238,2024-08-03 15:22:17.242661,2024-08-03 15:22:28.421189,0 days 00:00:11.178528,122,0.45011966209191695,0.2464546967597806,0.0005532395158410754,336,82,0.7701421800947867,0.5958333333333333,0.55859375,0.6383928571428571,0.8354478686635946,COMPLETE
83,83,0.6560209235209236,2024-08-03 15:22:28.421632,2024-08-03 15:22:39.176016,0 days 00:00:10.754384,115,0.460341616389686,0.27151089762026465,0.000682086777825519,301,56,0.773696682464455,0.6141414141414141,0.5608856088560885,0.6785714285714286,0.8421514976958526,COMPLETE
84,84,0.6510243523510033,2024-08-03 15:22:39.176434,2024-08-03 15:22:50.625474,0 days 00:00:11.449040,112,0.3832466952851829,0.22693083075775494,0.0009394415158473885,362,40,0.7879146919431279,0.6247379454926625,0.5889328063241107,0.6651785714285714,0.8414602534562211,COMPLETE
85,85,0.625249474789916,2024-08-03 15:22:50.625868,2024-08-03 15:23:03.234333,0 days 00:00:12.608465,106,0.36223231508834625,0.24527675581453,0.00037289274934031706,276,68,0.7748815165876777,0.6008403361344538,0.5674603174603174,0.6383928571428571,0.8372263824884794,COMPLETE
86,86,0.6073914699906221,2024-08-03 15:23:03.234769,2024-08-03 15:23:14.045807,0 days 00:00:10.811038,127,0.4336496034710522,0.2586213405687544,0.0011835960696324071,326,87,0.783175355450237,0.5995623632385121,0.5879828326180258,0.6116071428571429,0.8402289746543777,COMPLETE
87,87,0.6753448879551821,2024-08-03 15:23:14.046214,2024-08-03 15:23:25.440345,0 days 00:00:11.394131,120,0.4884922120666091,0.2641995378849923,0.0002784092423943257,306,243,0.7701421800947867,0.6196078431372548,0.5524475524475524,0.7053571428571429,0.8419354838709677,COMPLETE
88,88,0.6417593676814989,2024-08-03 15:23:25.440834,2024-08-03 15:23:37.033997,0 days 00:00:11.593163,117,0.4449639187988318,0.2635003798310908,0.00019978540874297416,304,248,0.7725118483412322,0.6065573770491803,0.5606060606060606,0.6607142857142857,0.8394945276497696,COMPLETE
89,89,0.657319827831531,2024-08-03 15:23:37.034424,2024-08-03 15:23:49.368046,0 days 00:00:12.333622,104,0.4205482697942958,0.41472220609281185,0.00027741926575010996,287,172,0.7677725118483413,0.6095617529880478,0.5503597122302158,0.6830357142857143,0.8423675115207372,COMPLETE
90,90,0.6086360837438424,2024-08-03 15:23:49.368476,2024-08-03 15:24:01.034209,0 days 00:00:11.665733,101,0.3692700849647704,0.28601604261512775,0.0003198322945883887,377,206,0.7772511848341233,0.5948275862068966,0.575,0.6160714285714286,0.8386736751152074,COMPLETE
91,91,0.659900633640553,2024-08-03 15:24:01.034646,2024-08-03 15:24:12.612074,0 days 00:00:11.577428,123,0.4906302258233636,0.40457102416084506,0.0004225470718848267,322,57,0.7748815165876777,0.6169354838709677,0.5625,0.6830357142857143,0.8396889400921659,COMPLETE
92,92,0.640491813929314,2024-08-03 15:24:12.612501,2024-08-03 15:24:25.701111,0 days 00:00:13.088610,119,0.4897794022814456,0.22369347739733575,0.0004905735226308044,270,312,0.7784360189573459,0.6112266112266113,0.5719844357976653,0.65625,0.839602534562212,COMPLETE
93,93,0.6083138736263737,2024-08-03 15:24:25.701578,2024-08-03 15:24:37.960604,0 days 00:00:12.259026,110,0.4718437431677219,0.2503875947805847,0.0006422353299856886,334,402,0.7855450236966824,0.6021978021978022,0.5930735930735931,0.6116071428571429,0.8408122119815669,COMPLETE
94,94,0.6444020450503853,2024-08-03 15:24:37.961013,2024-08-03 15:24:49.544362,0 days 00:00:11.583349,125,0.4789765338393607,0.31431685303033485,0.00012485006633045426,401,274,0.7796208530805687,0.6141078838174274,0.5736434108527132,0.6607142857142857,0.8444556451612905,COMPLETE
95,95,0.5693201501154734,2024-08-03 15:24:49.544818,2024-08-03 15:25:00.503470,0 days 00:00:10.958652,121,0.35378441938094246,0.21003041126799743,0.0015896973250352137,312,114,0.7855450236966824,0.581986143187067,0.6028708133971292,0.5625,0.8368663594470047,COMPLETE
96,96,0.6447896966831539,2024-08-03 15:25:00.503883,2024-08-03 15:25:12.145640,0 days 00:00:11.641757,115,0.39776011729128263,0.3013026184495736,0.0005422770603141107,260,74,0.7713270142180095,0.6069246435845214,0.5580524344569289,0.6651785714285714,0.8385512672811058,COMPLETE
97,97,0.6365773809523809,2024-08-03 15:25:12.146070,2024-08-03 15:25:24.152341,0 days 00:00:12.006271,112,0.46185523388835087,0.3324889701543004,0.001330505958088252,345,40,0.7772511848341233,0.6083333333333333,0.5703125,0.6517857142857143,0.8381264400921659,COMPLETE
98,98,0.643073142135642,2024-08-03 15:25:24.152786,2024-08-03 15:25:35.885990,0 days 00:00:11.733204,117,0.3343565223762293,0.2690918201589267,0.0003566423179321176,291,102,0.7665876777251185,0.6020202020202019,0.5498154981549815,0.6651785714285714,0.8378960253456221,COMPLETE
99,99,0.6568956794944618,2024-08-03 15:25:35.886435,2024-08-03 15:25:47.750233,0 days 00:00:11.863798,104,0.4079621333880784,0.24025645666670664,0.00021102334455678755,238,88,0.7665876777251185,0.6083499005964214,0.5483870967741935,0.6830357142857143,0.8377808179723503,COMPLETE
