,number,value,datetime_start,datetime_complete,duration,params_alpha,params_colsample_bytree,params_gamma,params_lambda,params_learning_rate,params_max_depth,params_min_child_weight,params_subsample,state
90,90,0.8378933164905833,2024-08-01 08:39:11.102773,2024-08-01 08:39:11.289753,0 days 00:00:00.186980,1.6825217950459153e-07,0.42366759585199937,0.00014338026272667117,3.1597788565244894e-07,0.0003946728209485278,11,6,0.9862073982187637,COMPLETE
91,91,0.8411805236564079,2024-08-01 08:39:11.290161,2024-08-01 08:39:11.504334,0 days 00:00:00.214173,1.4040124129431434e-06,0.5086380055033447,0.0004531498541485907,0.003904879506554895,0.06812176726515401,12,2,0.9967269262338933,COMPLETE
92,92,0.8379722668810289,2024-08-01 08:39:11.504727,2024-08-01 08:39:11.746239,0 days 00:00:00.241512,1.317644736245159e-06,0.5398048553484093,0.0008103940119401318,0.004023450575713718,0.06117438332968703,12,1,0.9598452798777845,COMPLETE
93,93,0.8419126090950849,2024-08-01 08:39:11.746727,2024-08-01 08:39:11.970073,0 days 00:00:00.223346,1.9776199444536275e-06,0.5548638820646355,0.002240659954427274,0.0010467219404777755,0.047139376561684335,12,2,0.9809560795360105,COMPLETE
94,94,0.8407211759301791,2024-08-01 08:39:11.970509,2024-08-01 08:39:12.169740,0 days 00:00:00.199231,3.264304836469637e-07,0.5146277724070909,0.00034925263548742677,0.008500971245987771,0.07009837151958881,11,6,0.9994068921236912,COMPLETE
95,95,0.8476652216352779,2024-08-01 08:39:12.170286,2024-08-01 08:39:12.368136,0 days 00:00:00.197850,7.761957370800163e-07,0.5283264814271578,1.3768274587052993e-05,0.0023203543086699977,0.08574654612403182,12,4,0.9309755511791729,COMPLETE
96,96,0.842598042030317,2024-08-01 08:39:12.368582,2024-08-01 08:39:12.574051,0 days 00:00:00.205469,7.883494732923346e-07,0.4837489529421496,1.1235826804875253e-05,0.0017365558485306308,0.08328930803525475,10,4,0.9314877373162693,COMPLETE
97,97,0.8398742535599448,2024-08-01 08:39:12.574487,2024-08-01 08:39:12.763670,0 days 00:00:00.189183,7.293516666556239e-08,0.5323575158400806,2.230898171502302e-06,3.148174909465567e-06,0.09956917571291438,8,4,0.87438327439181,COMPLETE
98,98,0.8381660542030316,2024-08-01 08:39:12.764146,2024-08-01 08:39:12.973297,0 days 00:00:00.209151,3.202795574860425e-07,0.5672089928326175,0.00864528462738706,8.207046315064262e-08,0.013966680272946261,12,5,0.9455616578788909,COMPLETE
99,99,0.8337950734956361,2024-08-01 08:39:12.974528,2024-08-01 08:39:13.180385,0 days 00:00:00.205857,5.800006548255283e-07,0.9951899758276903,1.1261456016904274e-05,0.0004702417489744821,0.08553095111514646,11,5,0.909118890392021,COMPLETE
